2026-04-27 18:48:06 [main] INFO  banksystem.Account - Khoi tao tai khoan A1 voi so du ban dau: 100.0
2026-04-27 18:48:06 [main] INFO  banksystem.Account - Tai khoan A1: Rut 40.0 (Phi: 1.0)
2026-04-27 18:48:06 [main] INFO  banksystem.Account - Khoi tao tai khoan A1 voi so du ban dau: 50.0
2026-04-27 18:48:06 [main] ERROR banksystem.Account - Rut tien that bai: Tai khoan A1 khong du so du de tra phi 1.0
2026-04-27 18:48:06 [main] INFO  banksystem.Account - Khoi tao tai khoan A1 voi so du ban dau: 100.0
2026-04-27 18:48:06 [main] INFO  banksystem.Account - Tai khoan A1: Da nap vao 50.0
2026-04-27 18:48:06 [main] INFO  banksystem.Account - Khoi tao tai khoan ERR_TEST voi so du ban dau: 0.0
2026-04-27 18:48:06 [main] ERROR banksystem.Account - Rut tien that bai: Tai khoan ERR_TEST khong du so du de tra phi 1.0
2026-04-27 18:57:03 [main] INFO  banksystem.Account - Khoi tao tai khoan A1 voi so du ban dau: 100.0
2026-04-27 18:57:03 [main] INFO  banksystem.Account - Tai khoan A1: Rut 40.0 (Phi: 1.0)
2026-04-27 18:57:03 [main] INFO  banksystem.Account - Khoi tao tai khoan A1 voi so du ban dau: 50.0
2026-04-27 18:57:03 [main] ERROR banksystem.Account - Rut tien that bai: Tai khoan A1 khong du so du de tra phi 1.0
2026-04-27 18:57:03 [main] INFO  banksystem.Account - Khoi tao tai khoan A1 voi so du ban dau: 100.0
2026-04-27 18:57:03 [main] INFO  banksystem.Account - Tai khoan A1: Da nap vao 50.0
2026-04-27 18:57:03 [main] INFO  banksystem.Account - Khoi tao tai khoan ERR_TEST voi so du ban dau: 0.0
2026-04-27 18:57:03 [main] ERROR banksystem.Account - Rut tien that bai: Tai khoan ERR_TEST khong du so du de tra phi 1.0
2026-04-27 19:00:43 [main] INFO  banksystem.Account - Khoi tao tai khoan A1 voi so du ban dau: 100.0
2026-04-27 19:00:43 [main] INFO  banksystem.Account - Tai khoan A1: Rut 40.0 (Phi: 1.0)
2026-04-27 19:00:43 [main] INFO  banksystem.Account - Khoi tao tai khoan A1 voi so du ban dau: 50.0
2026-04-27 19:00:43 [main] ERROR banksystem.Account - Rut tien that bai: Tai khoan A1 khong du so du de tra phi 1.0
2026-04-27 19:00:43 [main] INFO  banksystem.Account - Khoi tao tai khoan A1 voi so du ban dau: 100.0
2026-04-27 19:00:43 [main] INFO  banksystem.Account - Tai khoan A1: Da nap vao 50.0
2026-04-27 19:00:43 [main] INFO  banksystem.Account - Khoi tao tai khoan ERR_TEST voi so du ban dau: 0.0
2026-04-27 19:00:43 [main] ERROR banksystem.Account - Rut tien that bai: Tai khoan ERR_TEST khong du so du de tra phi 1.0
2026-04-27 19:02:27 [main] INFO  banksystem.Account - Khoi tao tai khoan ACC123 voi so du ban dau: 1000.0
2026-04-27 19:02:27 [main] INFO  banksystem.Account - Tai khoan ACC123: Da nap vao 500.0
